## xeCompile starts at 03/07/2020 15:38:18, PID: 151477
BLT_LIBRARY=/tools/cadence/UXE171_p98/tools.lnx86/etc/ui/blt
cmdLineMode=64
HOSTNAME=pld615
SELINUX_ROLE_REQUESTED=
S3_ROOT=/tools/cadence/UXE171_p98/tools.lnx86/bin/64bit
TERM=xterm
SHELL=/bin/bash
MAKEFLAGS=
HISTSIZE=1000
AXIS_HOME=/tools/cadence/UXE171_p98/tools.lnx86
SSH_CLIENT=10.2.21.53 54401 22
SELINUX_USE_CURRENT_RANGE=
QTHOME=/tools/cadence/UXE171_p98/tools.lnx86
TK_LIBRARY=/tools/cadence/UXE171_p98/tools.lnx86/etc/ui/tk
TIX_LIBRARY=/tools/cadence/UXE171_p98/tools.lnx86/etc/ui/tix
USERPATH=/tools/cadence/UXE171_p98/tools.lnx86/bin:{UXE_HOME}/bin:/home/tools/cadence/INCISIVE152072/tools.lnx86/bin:/home/tools/cadence/INCISIVE152072/bin:/usr/lib64/qt-3.3/bin:/usr/local/bin:/bin:/usr/bin:/usr/local/sbin:/usr/sbin:/sbin:/home/tang_dx/bin
UA_HOME=/tools/cadence/UXE171_p98
QTDIR=/usr/lib64/qt-3.3
QTINC=/usr/lib64/qt-3.3/include
W3264_ENV=/home/tang_dx/.kshrc
SSH_TTY=/dev/pts/0
UVMHOME=/home/tools/cadence/INCISIVE152072/tools.lnx86/methodology/UVM/CDNS-1.2/sv
USER=tang_dx
LD_LIBRARY_PATH=/tools/cadence/UXE171_p98/tools.lnx86/lib/64bit:/usr/lib64::/tools/cadence/UXE171_p98/tools.lnx86/lib/64bit:/usr/lib64:/tools/cadence/UXE171_p98/tools.lnx86/lib:/home/tools/cadence/INCISIVE152072/lib/64bit:{LD_LIBRARY_PATH}
TCL_LIBRARY=/tools/cadence/UXE171_p98/tools.lnx86/etc/qel
SSH_AUTH_SOCK=/tmp/ssh-fELm143295/agent.143295
MAKELEVEL=1
OS_BITS=64bit
MFLAGS=
A__z="*SHLVL
UXEHOME=/tools/cadence/UXE171_p98
PATH=/tools/cadence/UXE171_p98/tools.lnx86/bin/../../bin:/tools/cadence/UXE171_p98/tools.lnx86/bin:/tools/cadence/UXE171_p98/tools.lnx86/bin/../../bin:/tools/cadence/UXE171_p98/tools.lnx86/bin:/home/tools/cadence/INCISIVE152072/tools.lnx86/bin/64bit:/home/tools/cadence/INCISIVE152072/tools.lnx86/bin:/tools/cadence/UXE171_p98/tools.lnx86/bin:{UXE_HOME}/bin:/home/tools/cadence/INCISIVE152072/tools.lnx86/bin:/home/tools/cadence/INCISIVE152072/bin:/usr/lib64/qt-3.3/bin:/usr/local/bin:/bin:/usr/bin:/usr/local/sbin:/usr/sbin:/sbin:/home/tang_dx/bin:/bin:/usr/bin:/usr/sbin:/sbin::/bin:/usr/bin:/usr/sbin:/sbin:
MAIL=/var/spool/mail/tang_dx
PWD=/home/tang_dx/Work/UXE-Use-Experience/counter
CBV_ARCH=x86-lx2-64
LANG=C
SELINUX_LEVEL_REQUESTED=
IESHOME=/home/tools/cadence/INCISIVE152072
LM_LICENSE_FILE=5280@192.168.204.242
DBOUT=./dbFiles
SSH_ASKPASS=/usr/libexec/openssh/gnome-ssh-askpass
HISTCONTROL=ignoredups
QTHDLHOME=/tools/cadence/UXE171_p98/tools.lnx86
SHLVL=4
HOME=/home/tang_dx
CDS_AUTO_64BIT=ALL
UXE_HOME=/tools/cadence/UXE171_p98
FORCE32=OFF
USERLIBPATH=/tools/cadence/UXE171_p98/tools.lnx86/lib/64bit:/usr/lib64:/tools/cadence/UXE171_p98/tools.lnx86/lib:/home/tools/cadence/INCISIVE152072/lib/64bit:{LD_LIBRARY_PATH}
LOGNAME=tang_dx
QTLIB=/usr/lib64/qt-3.3/lib
CVS_RSH=ssh
SSH_CONNECTION=10.2.21.53 54401 192.168.204.242 22
AXIS_ARCH=lib/x86-lx2-64
LESSOPEN=||/usr/bin/lesspipe.sh %s
DBIN=.:/tools/cadence/UXE171_p98/tools.lnx86/lib/64bit:/tools/cadence/UXE171_p98/tools.lnx86/bin:/tools/cadence/UXE171_p98/tools.lnx86/uxe/bin/64bit:/tools/cadence/UXE171_p98/tools.lnx86/lib/:./64bit:./dbFiles:/tools/cadence/UXE171_p98/tools.lnx86/etc/et3:/tools/cadence/UXE171_p98/tools.lnx86/bin/x86-lx2-64:/et3mach
CBV=/tools/cadence/UXE171_p98/tools.lnx86/simaccel
IUSHOME=/home/tools/cadence/INCISIVE152072
UXE_HOST=/tools/cadence/UXE171_p98/tools.lnx86
G_BROKEN_FILENAMES=1
CDS_INST_DIR=/home/tools/cadence/INCISIVE152072
QTLOG_FILE=xe.msg
CvAlEgAlRoOt=151477

## xeCompile starts at 03/07/2020 16:41:34, PID: 153901
BLT_LIBRARY=/tools/cadence/UXE171_p98/tools.lnx86/etc/ui/blt
cmdLineMode=64
HOSTNAME=pld615
SELINUX_ROLE_REQUESTED=
S3_ROOT=/tools/cadence/UXE171_p98/tools.lnx86/bin/64bit
TERM=xterm
SHELL=/bin/bash
MAKEFLAGS=
HISTSIZE=1000
AXIS_HOME=/tools/cadence/UXE171_p98/tools.lnx86
SSH_CLIENT=10.2.21.53 54401 22
SELINUX_USE_CURRENT_RANGE=
QTHOME=/tools/cadence/UXE171_p98/tools.lnx86
TK_LIBRARY=/tools/cadence/UXE171_p98/tools.lnx86/etc/ui/tk
TIX_LIBRARY=/tools/cadence/UXE171_p98/tools.lnx86/etc/ui/tix
USERPATH=/tools/cadence/UXE171_p98/tools.lnx86/bin:{UXE_HOME}/bin:/home/tools/cadence/INCISIVE152072/tools.lnx86/bin:/home/tools/cadence/INCISIVE152072/bin:/usr/lib64/qt-3.3/bin:/usr/local/bin:/bin:/usr/bin:/usr/local/sbin:/usr/sbin:/sbin:/home/tang_dx/bin
UA_HOME=/tools/cadence/UXE171_p98
QTDIR=/usr/lib64/qt-3.3
QTINC=/usr/lib64/qt-3.3/include
W3264_ENV=/home/tang_dx/.kshrc
SSH_TTY=/dev/pts/0
UVMHOME=/home/tools/cadence/INCISIVE152072/tools.lnx86/methodology/UVM/CDNS-1.2/sv
USER=tang_dx
LD_LIBRARY_PATH=/tools/cadence/UXE171_p98/tools.lnx86/lib/64bit:/usr/lib64::/tools/cadence/UXE171_p98/tools.lnx86/lib/64bit:/usr/lib64:/tools/cadence/UXE171_p98/tools.lnx86/lib:/home/tools/cadence/INCISIVE152072/lib/64bit:{LD_LIBRARY_PATH}
TCL_LIBRARY=/tools/cadence/UXE171_p98/tools.lnx86/etc/qel
SSH_AUTH_SOCK=/tmp/ssh-fELm143295/agent.143295
MAKELEVEL=1
OS_BITS=64bit
MFLAGS=
A__z="*SHLVL
UXEHOME=/tools/cadence/UXE171_p98
PATH=/tools/cadence/UXE171_p98/tools.lnx86/bin/../../bin:/tools/cadence/UXE171_p98/tools.lnx86/bin:/tools/cadence/UXE171_p98/tools.lnx86/bin/../../bin:/tools/cadence/UXE171_p98/tools.lnx86/bin:/home/tools/cadence/INCISIVE152072/tools.lnx86/bin/64bit:/home/tools/cadence/INCISIVE152072/tools.lnx86/bin:/tools/cadence/UXE171_p98/tools.lnx86/bin:{UXE_HOME}/bin:/home/tools/cadence/INCISIVE152072/tools.lnx86/bin:/home/tools/cadence/INCISIVE152072/bin:/usr/lib64/qt-3.3/bin:/usr/local/bin:/bin:/usr/bin:/usr/local/sbin:/usr/sbin:/sbin:/home/tang_dx/bin:/bin:/usr/bin:/usr/sbin:/sbin::/bin:/usr/bin:/usr/sbin:/sbin:
MAIL=/var/spool/mail/tang_dx
PWD=/home/tang_dx/Work/UXE-Use-Experience/counter
CBV_ARCH=x86-lx2-64
LANG=C
SELINUX_LEVEL_REQUESTED=
IESHOME=/home/tools/cadence/INCISIVE152072
LM_LICENSE_FILE=5280@192.168.204.242
DBOUT=./dbFiles
SSH_ASKPASS=/usr/libexec/openssh/gnome-ssh-askpass
HISTCONTROL=ignoredups
QTHDLHOME=/tools/cadence/UXE171_p98/tools.lnx86
SHLVL=4
HOME=/home/tang_dx
CDS_AUTO_64BIT=ALL
UXE_HOME=/tools/cadence/UXE171_p98
FORCE32=OFF
USERLIBPATH=/tools/cadence/UXE171_p98/tools.lnx86/lib/64bit:/usr/lib64:/tools/cadence/UXE171_p98/tools.lnx86/lib:/home/tools/cadence/INCISIVE152072/lib/64bit:{LD_LIBRARY_PATH}
LOGNAME=tang_dx
QTLIB=/usr/lib64/qt-3.3/lib
CVS_RSH=ssh
SSH_CONNECTION=10.2.21.53 54401 192.168.204.242 22
AXIS_ARCH=lib/x86-lx2-64
LESSOPEN=||/usr/bin/lesspipe.sh %s
DBIN=.:/tools/cadence/UXE171_p98/tools.lnx86/lib/64bit:/tools/cadence/UXE171_p98/tools.lnx86/bin:/tools/cadence/UXE171_p98/tools.lnx86/uxe/bin/64bit:/tools/cadence/UXE171_p98/tools.lnx86/lib/:./64bit:./dbFiles:/tools/cadence/UXE171_p98/tools.lnx86/etc/et3:/tools/cadence/UXE171_p98/tools.lnx86/bin/x86-lx2-64:/et3mach
CBV=/tools/cadence/UXE171_p98/tools.lnx86/simaccel
IUSHOME=/home/tools/cadence/INCISIVE152072
UXE_HOST=/tools/cadence/UXE171_p98/tools.lnx86
G_BROKEN_FILENAMES=1
CDS_INST_DIR=/home/tools/cadence/INCISIVE152072
QTLOG_FILE=xe.msg
CvAlEgAlRoOt=153901

